2013/10/31 14:32:07 [error] [exception.CHttpException.403] exception 'CHttpException' with message 'You are not allowed to access this page.' in /home1-3/h/henokeh/public_html/yii/framework/gii/GiiModule.php:170
Stack trace:
#0 /home1-3/h/henokeh/public_html/yii/framework/web/CController.php(263): GiiModule->beforeControllerAction(Object(DefaultController), Object(CInlineAction))
#1 /home1-3/h/henokeh/public_html/yii/framework/web/CWebApplication.php(282): CController->run('')
#2 /home1-3/h/henokeh/public_html/yii/framework/web/CWebApplication.php(141): CWebApplication->runController('gii')
#3 /home1-3/h/henokeh/public_html/yii/framework/base/CApplication.php(180): CWebApplication->processRequest()
#4 /home1-3/h/henokeh/public_html/tracker/index.php(13): CApplication->run()
#5 {main}
REQUEST_URI=/~henokeh/tracker/index.php?r=gii
---
2013/10/31 14:36:42 [error] [exception.CHttpException.403] exception 'CHttpException' with message 'You are not allowed to access this page.' in /home1-3/h/henokeh/public_html/yii/framework/gii/GiiModule.php:170
Stack trace:
#0 /home1-3/h/henokeh/public_html/yii/framework/web/CController.php(263): GiiModule->beforeControllerAction(Object(DefaultController), Object(CInlineAction))
#1 /home1-3/h/henokeh/public_html/yii/framework/web/CWebApplication.php(282): CController->run('')
#2 /home1-3/h/henokeh/public_html/yii/framework/web/CWebApplication.php(141): CWebApplication->runController('gii')
#3 /home1-3/h/henokeh/public_html/yii/framework/base/CApplication.php(180): CWebApplication->processRequest()
#4 /home1-3/h/henokeh/public_html/tracker/index.php(13): CApplication->run()
#5 {main}
REQUEST_URI=/~henokeh/tracker/?r=gii
---
2013/10/31 14:37:07 [error] [exception.CHttpException.404] exception 'CHttpException' with message 'Unable to resolve the request "login".' in /home1-3/h/henokeh/public_html/yii/framework/web/CWebApplication.php:286
Stack trace:
#0 /home1-3/h/henokeh/public_html/yii/framework/web/CWebApplication.php(141): CWebApplication->runController('login')
#1 /home1-3/h/henokeh/public_html/yii/framework/base/CApplication.php(180): CWebApplication->processRequest()
#2 /home1-3/h/henokeh/public_html/tracker/index.php(13): CApplication->run()
#3 {main}
REQUEST_URI=/~henokeh/tracker/index.php?r=login
---
2013/10/31 14:37:19 [error] [exception.CHttpException.403] exception 'CHttpException' with message 'You are not allowed to access this page.' in /home1-3/h/henokeh/public_html/yii/framework/gii/GiiModule.php:170
Stack trace:
#0 /home1-3/h/henokeh/public_html/yii/framework/web/CController.php(263): GiiModule->beforeControllerAction(Object(DefaultController), Object(CInlineAction))
#1 /home1-3/h/henokeh/public_html/yii/framework/web/CWebApplication.php(282): CController->run('')
#2 /home1-3/h/henokeh/public_html/yii/framework/web/CWebApplication.php(141): CWebApplication->runController('gii')
#3 /home1-3/h/henokeh/public_html/yii/framework/base/CApplication.php(180): CWebApplication->processRequest()
#4 /home1-3/h/henokeh/public_html/tracker/index.php(13): CApplication->run()
#5 {main}
REQUEST_URI=/~henokeh/tracker/index.php?r=gii
---
2013/10/31 14:39:30 [error] [exception.CHttpException.403] exception 'CHttpException' with message 'You are not allowed to access this page.' in /home1-3/h/henokeh/public_html/yii/framework/gii/GiiModule.php:170
Stack trace:
#0 /home1-3/h/henokeh/public_html/yii/framework/web/CController.php(263): GiiModule->beforeControllerAction(Object(DefaultController), Object(CInlineAction))
#1 /home1-3/h/henokeh/public_html/yii/framework/web/CWebApplication.php(282): CController->run('')
#2 /home1-3/h/henokeh/public_html/yii/framework/web/CWebApplication.php(141): CWebApplication->runController('gii')
#3 /home1-3/h/henokeh/public_html/yii/framework/base/CApplication.php(180): CWebApplication->processRequest()
#4 /home1-3/h/henokeh/public_html/tracker/index.php(13): CApplication->run()
#5 {main}
REQUEST_URI=/~henokeh/tracker/index.php?r=gii
---
2013/10/31 14:41:04 [error] [exception.CHttpException.403] exception 'CHttpException' with message 'You are not allowed to access this page.' in /home1-3/h/henokeh/public_html/yii/framework/gii/GiiModule.php:170
Stack trace:
#0 /home1-3/h/henokeh/public_html/yii/framework/web/CController.php(263): GiiModule->beforeControllerAction(Object(DefaultController), Object(CInlineAction))
#1 /home1-3/h/henokeh/public_html/yii/framework/web/CWebApplication.php(282): CController->run('')
#2 /home1-3/h/henokeh/public_html/yii/framework/web/CWebApplication.php(141): CWebApplication->runController('gii')
#3 /home1-3/h/henokeh/public_html/yii/framework/base/CApplication.php(180): CWebApplication->processRequest()
#4 /home1-3/h/henokeh/public_html/tracker/index.php(13): CApplication->run()
#5 {main}
REQUEST_URI=/~henokeh/tracker/index.php?r=gii
---
2013/10/31 14:42:26 [error] [exception.CHttpException.403] exception 'CHttpException' with message 'You are not allowed to access this page.' in /home1-3/h/henokeh/public_html/yii/framework/gii/GiiModule.php:170
Stack trace:
#0 /home1-3/h/henokeh/public_html/yii/framework/web/CController.php(263): GiiModule->beforeControllerAction(Object(DefaultController), Object(CInlineAction))
#1 /home1-3/h/henokeh/public_html/yii/framework/web/CWebApplication.php(282): CController->run('')
#2 /home1-3/h/henokeh/public_html/yii/framework/web/CWebApplication.php(141): CWebApplication->runController('gii')
#3 /home1-3/h/henokeh/public_html/yii/framework/base/CApplication.php(180): CWebApplication->processRequest()
#4 /home1-3/h/henokeh/public_html/tracker/index.php(13): CApplication->run()
#5 {main}
REQUEST_URI=/~henokeh/tracker/index.php?r=gii
---
2013/10/31 15:05:46 [error] [php] file_get_contents(/home1-3/h/henokeh/public_html/tracker/protected/models/Group.php): failed to open stream: Permission denied (/home1-3/h/henokeh/public_html/yii/framework/gii/CCodeFile.php:55)
Stack trace:
#0 /home1-3/h/henokeh/public_html/yii/framework/gii/CCodeGenerator.php(162): ModelCode->prepare()
#1 /home1-3/h/henokeh/public_html/yii/framework/gii/CCodeGenerator.php(63): ModelGenerator->prepare()
#2 /home1-3/h/henokeh/public_html/yii/framework/web/actions/CInlineAction.php(49): ModelGenerator->actionIndex()
#3 /home1-3/h/henokeh/public_html/yii/framework/web/CController.php(308): CInlineAction->runWithParams()
#4 /home1-3/h/henokeh/public_html/yii/framework/web/CController.php(286): ModelGenerator->runAction()
#5 /home1-3/h/henokeh/public_html/yii/framework/web/CController.php(265): ModelGenerator->runActionWithFilters()
#6 /home1-3/h/henokeh/public_html/yii/framework/web/CWebApplication.php(282): ModelGenerator->run()
#7 /home1-3/h/henokeh/public_html/yii/framework/web/CWebApplication.php(141): CWebApplication->runController()
#8 /home1-3/h/henokeh/public_html/yii/framework/base/CApplication.php(180): CWebApplication->processRequest()
#9 /home1-3/h/henokeh/public_html/tracker/index.php(13): CWebApplication->run()
REQUEST_URI=/~henokeh/tracker/index.php?r=gii/model/index
in /home1-3/h/henokeh/public_html/tracker/index.php (13)
2013/10/31 15:16:57 [warning] [application] Failed to set unsafe attribute "id" of "Project".
in /home1-3/h/henokeh/public_html/tracker/protected/controllers/ProjectController.php (68)
in /home1-3/h/henokeh/public_html/tracker/index.php (13)
2013/10/31 16:21:24 [warning] [application] Failed to set unsafe attribute "user" of "Timespan".
in /home1-3/h/henokeh/public_html/tracker/protected/controllers/TimespanController.php (140)
in /home1-3/h/henokeh/public_html/tracker/index.php (13)
2013/10/31 16:21:35 [warning] [application] Failed to set unsafe attribute "user" of "Timespan".
in /home1-3/h/henokeh/public_html/tracker/protected/controllers/TimespanController.php (140)
in /home1-3/h/henokeh/public_html/tracker/index.php (13)
2013/10/31 16:22:12 [error] [exception.CException] exception 'CException' with message 'Alias "ext.jui.EJuiDateTimePicker" is invalid. Make sure it points to an existing PHP file and the file is readable.' in /home1-3/h/henokeh/public_html/yii/framework/YiiBase.php:322
Stack trace:
#0 /home1-3/h/henokeh/public_html/yii/framework/web/CWidgetFactory.php(146): YiiBase::import('ext.jui.EJuiDat...', true)
#1 /home1-3/h/henokeh/public_html/yii/framework/web/CBaseController.php(146): CWidgetFactory->createWidget(Object(TimespanController), 'ext.jui.EJuiDat...', Array)
#2 /home1-3/h/henokeh/public_html/yii/framework/web/CBaseController.php(172): CBaseController->createWidget('ext.jui.EJuiDat...', Array)
#3 /home1-3/h/henokeh/public_html/tracker/protected/views/timespan/_form.php(71): CBaseController->widget('ext.jui.EJuiDat...', Array)
#4 /home1-3/h/henokeh/public_html/yii/framework/web/CBaseController.php(126): require('/home1-3/h/heno...')
#5 /home1-3/h/henokeh/public_html/yii/framework/web/CBaseController.php(95): CBaseController->renderInternal('/home1-3/h/heno...', Array, true)
#6 /home1-3/h/henokeh/public_html/yii/framework/web/CController.php(869): CBaseController->renderFile('/home1-3/h/heno...', Array, true)
#7 /home1-3/h/henokeh/public_html/tracker/protected/views/timespan/create.php(18): CController->renderPartial('_form', Array)
#8 /home1-3/h/henokeh/public_html/yii/framework/web/CBaseController.php(126): require('/home1-3/h/heno...')
#9 /home1-3/h/henokeh/public_html/yii/framework/web/CBaseController.php(95): CBaseController->renderInternal('/home1-3/h/heno...', Array, true)
#10 /home1-3/h/henokeh/public_html/yii/framework/web/CController.php(869): CBaseController->renderFile('/home1-3/h/heno...', Array, true)
#11 /home1-3/h/henokeh/public_html/yii/framework/web/CController.php(782): CController->renderPartial('create', Array, true)
#12 /home1-3/h/henokeh/public_html/tracker/protected/controllers/TimespanController.php(81): CController->render('create', Array)
#13 /home1-3/h/henokeh/public_html/yii/framework/web/actions/CInlineAction.php(49): TimespanController->actionCreate()
#14 /home1-3/h/henokeh/public_html/yii/framework/web/CController.php(308): CInlineAction->runWithParams(Array)
#15 /home1-3/h/henokeh/public_html/yii/framework/web/filters/CFilterChain.php(133): CController->runAction(Object(CInlineAction))
#16 /home1-3/h/henokeh/public_html/yii/framework/web/filters/CFilter.php(40): CFilterChain->run()
#17 /home1-3/h/henokeh/public_html/yii/framework/web/CController.php(1145): CFilter->filter(Object(CFilterChain))
#18 /home1-3/h/henokeh/public_html/yii/framework/web/filters/CInlineFilter.php(58): CController->filterAccessControl(Object(CFilterChain))
#19 /home1-3/h/henokeh/public_html/yii/framework/web/filters/CFilterChain.php(130): CInlineFilter->filter(Object(CFilterChain))
#20 /home1-3/h/henokeh/public_html/yii/framework/web/CController.php(291): CFilterChain->run()
#21 /home1-3/h/henokeh/public_html/yii/framework/web/CController.php(265): CController->runActionWithFilters(Object(CInlineAction), Array)
#22 /home1-3/h/henokeh/public_html/yii/framework/web/CWebApplication.php(282): CController->run('create')
#23 /home1-3/h/henokeh/public_html/yii/framework/web/CWebApplication.php(141): CWebApplication->runController('timespan/create')
#24 /home1-3/h/henokeh/public_html/yii/framework/base/CApplication.php(180): CWebApplication->processRequest()
#25 /home1-3/h/henokeh/public_html/tracker/index.php(13): CApplication->run()
#26 {main}
REQUEST_URI=/~henokeh/tracker/index.php?r=timespan/create
HTTP_REFERER=http://users.metropolia.fi/~henokeh/tracker/index.php?r=timespan/admin
---
2013/10/31 16:23:50 [error] [php] require(/home1-3/h/henokeh/public_html/tracker/protected/controllers/GroupController.php): failed to open stream: Permission denied (/home1-3/h/henokeh/public_html/yii/framework/web/CWebApplication.php:354)
Stack trace:
#0 /home1-3/h/henokeh/public_html/yii/framework/web/CWebApplication.php(141): CWebApplication->runController()
#1 /home1-3/h/henokeh/public_html/yii/framework/base/CApplication.php(180): CWebApplication->processRequest()
#2 /home1-3/h/henokeh/public_html/tracker/index.php(13): CWebApplication->run()
REQUEST_URI=/~henokeh/tracker/index.php?r=group
in /home1-3/h/henokeh/public_html/tracker/index.php (13)
2013/11/02 00:56:07 [error] [exception.CException] exception 'CException' with message 'Alias "ext.jui.EJuiDateTimePicker" is invalid. Make sure it points to an existing PHP file and the file is readable.' in /home1-3/h/henokeh/public_html/yii/framework/YiiBase.php:322
Stack trace:
#0 /home1-3/h/henokeh/public_html/yii/framework/web/CWidgetFactory.php(146): YiiBase::import('ext.jui.EJuiDat...', true)
#1 /home1-3/h/henokeh/public_html/yii/framework/web/CBaseController.php(146): CWidgetFactory->createWidget(Object(TimespanController), 'ext.jui.EJuiDat...', Array)
#2 /home1-3/h/henokeh/public_html/yii/framework/web/CBaseController.php(172): CBaseController->createWidget('ext.jui.EJuiDat...', Array)
#3 /home1-3/h/henokeh/public_html/tracker/protected/views/timespan/_form.php(71): CBaseController->widget('ext.jui.EJuiDat...', Array)
#4 /home1-3/h/henokeh/public_html/yii/framework/web/CBaseController.php(126): require('/home1-3/h/heno...')
#5 /home1-3/h/henokeh/public_html/yii/framework/web/CBaseController.php(95): CBaseController->renderInternal('/home1-3/h/heno...', Array, true)
#6 /home1-3/h/henokeh/public_html/yii/framework/web/CController.php(869): CBaseController->renderFile('/home1-3/h/heno...', Array, true)
#7 /home1-3/h/henokeh/public_html/tracker/protected/views/timespan/create.php(18): CController->renderPartial('_form', Array)
#8 /home1-3/h/henokeh/public_html/yii/framework/web/CBaseController.php(126): require('/home1-3/h/heno...')
#9 /home1-3/h/henokeh/public_html/yii/framework/web/CBaseController.php(95): CBaseController->renderInternal('/home1-3/h/heno...', Array, true)
#10 /home1-3/h/henokeh/public_html/yii/framework/web/CController.php(869): CBaseController->renderFile('/home1-3/h/heno...', Array, true)
#11 /home1-3/h/henokeh/public_html/yii/framework/web/CController.php(782): CController->renderPartial('create', Array, true)
#12 /home1-3/h/henokeh/public_html/tracker/protected/controllers/TimespanController.php(81): CController->render('create', Array)
#13 /home1-3/h/henokeh/public_html/yii/framework/web/actions/CInlineAction.php(49): TimespanController->actionCreate()
#14 /home1-3/h/henokeh/public_html/yii/framework/web/CController.php(308): CInlineAction->runWithParams(Array)
#15 /home1-3/h/henokeh/public_html/yii/framework/web/filters/CFilterChain.php(133): CController->runAction(Object(CInlineAction))
#16 /home1-3/h/henokeh/public_html/yii/framework/web/filters/CFilter.php(40): CFilterChain->run()
#17 /home1-3/h/henokeh/public_html/yii/framework/web/CController.php(1145): CFilter->filter(Object(CFilterChain))
#18 /home1-3/h/henokeh/public_html/yii/framework/web/filters/CInlineFilter.php(58): CController->filterAccessControl(Object(CFilterChain))
#19 /home1-3/h/henokeh/public_html/yii/framework/web/filters/CFilterChain.php(130): CInlineFilter->filter(Object(CFilterChain))
#20 /home1-3/h/henokeh/public_html/yii/framework/web/CController.php(291): CFilterChain->run()
#21 /home1-3/h/henokeh/public_html/yii/framework/web/CController.php(265): CController->runActionWithFilters(Object(CInlineAction), Array)
#22 /home1-3/h/henokeh/public_html/yii/framework/web/CWebApplication.php(282): CController->run('create')
#23 /home1-3/h/henokeh/public_html/yii/framework/web/CWebApplication.php(141): CWebApplication->runController('timespan/create')
#24 /home1-3/h/henokeh/public_html/yii/framework/base/CApplication.php(180): CWebApplication->processRequest()
#25 /home1-3/h/henokeh/public_html/tracker/index.php(13): CApplication->run()
#26 {main}
REQUEST_URI=/~henokeh/tracker/index.php?r=timespan/create
HTTP_REFERER=http://users.metropolia.fi/~henokeh/tracker/index.php?r=site/login
---
2013/11/02 00:56:34 [error] [exception.CException] exception 'CException' with message 'Alias "ext.jui.EJuiDateTimePicker" is invalid. Make sure it points to an existing PHP file and the file is readable.' in /home1-3/h/henokeh/public_html/yii/framework/YiiBase.php:322
Stack trace:
#0 /home1-3/h/henokeh/public_html/yii/framework/web/CWidgetFactory.php(146): YiiBase::import('ext.jui.EJuiDat...', true)
#1 /home1-3/h/henokeh/public_html/yii/framework/web/CBaseController.php(146): CWidgetFactory->createWidget(Object(TimespanController), 'ext.jui.EJuiDat...', Array)
#2 /home1-3/h/henokeh/public_html/yii/framework/web/CBaseController.php(172): CBaseController->createWidget('ext.jui.EJuiDat...', Array)
#3 /home1-3/h/henokeh/public_html/tracker/protected/views/timespan/_form.php(71): CBaseController->widget('ext.jui.EJuiDat...', Array)
#4 /home1-3/h/henokeh/public_html/yii/framework/web/CBaseController.php(126): require('/home1-3/h/heno...')
#5 /home1-3/h/henokeh/public_html/yii/framework/web/CBaseController.php(95): CBaseController->renderInternal('/home1-3/h/heno...', Array, true)
#6 /home1-3/h/henokeh/public_html/yii/framework/web/CController.php(869): CBaseController->renderFile('/home1-3/h/heno...', Array, true)
#7 /home1-3/h/henokeh/public_html/tracker/protected/views/timespan/create.php(18): CController->renderPartial('_form', Array)
#8 /home1-3/h/henokeh/public_html/yii/framework/web/CBaseController.php(126): require('/home1-3/h/heno...')
#9 /home1-3/h/henokeh/public_html/yii/framework/web/CBaseController.php(95): CBaseController->renderInternal('/home1-3/h/heno...', Array, true)
#10 /home1-3/h/henokeh/public_html/yii/framework/web/CController.php(869): CBaseController->renderFile('/home1-3/h/heno...', Array, true)
#11 /home1-3/h/henokeh/public_html/yii/framework/web/CController.php(782): CController->renderPartial('create', Array, true)
#12 /home1-3/h/henokeh/public_html/tracker/protected/controllers/TimespanController.php(81): CController->render('create', Array)
#13 /home1-3/h/henokeh/public_html/yii/framework/web/actions/CInlineAction.php(49): TimespanController->actionCreate()
#14 /home1-3/h/henokeh/public_html/yii/framework/web/CController.php(308): CInlineAction->runWithParams(Array)
#15 /home1-3/h/henokeh/public_html/yii/framework/web/filters/CFilterChain.php(133): CController->runAction(Object(CInlineAction))
#16 /home1-3/h/henokeh/public_html/yii/framework/web/filters/CFilter.php(40): CFilterChain->run()
#17 /home1-3/h/henokeh/public_html/yii/framework/web/CController.php(1145): CFilter->filter(Object(CFilterChain))
#18 /home1-3/h/henokeh/public_html/yii/framework/web/filters/CInlineFilter.php(58): CController->filterAccessControl(Object(CFilterChain))
#19 /home1-3/h/henokeh/public_html/yii/framework/web/filters/CFilterChain.php(130): CInlineFilter->filter(Object(CFilterChain))
#20 /home1-3/h/henokeh/public_html/yii/framework/web/CController.php(291): CFilterChain->run()
#21 /home1-3/h/henokeh/public_html/yii/framework/web/CController.php(265): CController->runActionWithFilters(Object(CInlineAction), Array)
#22 /home1-3/h/henokeh/public_html/yii/framework/web/CWebApplication.php(282): CController->run('create')
#23 /home1-3/h/henokeh/public_html/yii/framework/web/CWebApplication.php(141): CWebApplication->runController('timespan/create')
#24 /home1-3/h/henokeh/public_html/yii/framework/base/CApplication.php(180): CWebApplication->processRequest()
#25 /home1-3/h/henokeh/public_html/tracker/index.php(13): CApplication->run()
#26 {main}
REQUEST_URI=/~henokeh/tracker/index.php?r=timespan/create
HTTP_REFERER=http://users.metropolia.fi/~henokeh/tracker/index.php?r=site/login
---
2013/11/04 15:44:57 [error] [exception.CHttpException.404] exception 'CHttpException' with message 'The system is unable to find the requested action "project".' in /home1-3/h/henokeh/public_html/yii/framework/web/CController.php:483
Stack trace:
#0 /home1-3/h/henokeh/public_html/yii/framework/web/CController.php(270): CController->missingAction('project')
#1 /home1-3/h/henokeh/public_html/yii/framework/web/CWebApplication.php(282): CController->run('project')
#2 /home1-3/h/henokeh/public_html/yii/framework/web/CWebApplication.php(141): CWebApplication->runController('site/project')
#3 /home1-3/h/henokeh/public_html/yii/framework/base/CApplication.php(180): CWebApplication->processRequest()
#4 /home1-3/h/henokeh/public_html/tracker/index.php(13): CApplication->run()
#5 {main}
REQUEST_URI=/~henokeh/tracker/index.php?r=site/project
---
2014/01/23 18:48:17 [error] [exception.CHttpException.403] exception 'CHttpException' with message 'Login Required' in /home1-3/h/henokeh/public_html/yii/framework/web/auth/CWebUser.php:394
Stack trace:
#0 /home1-3/h/henokeh/public_html/yii/framework/web/auth/CAccessControlFilter.php(180): CWebUser->loginRequired()
#1 /home1-3/h/henokeh/public_html/yii/framework/web/auth/CAccessControlFilter.php(145): CAccessControlFilter->accessDenied(Object(CWebUser), 'You are not aut...')
#2 /home1-3/h/henokeh/public_html/yii/framework/web/filters/CFilter.php(38): CAccessControlFilter->preFilter(Object(CFilterChain))
#3 /home1-3/h/henokeh/public_html/yii/framework/web/CController.php(1145): CFilter->filter(Object(CFilterChain))
#4 /home1-3/h/henokeh/public_html/yii/framework/web/filters/CInlineFilter.php(58): CController->filterAccessControl(Object(CFilterChain))
#5 /home1-3/h/henokeh/public_html/yii/framework/web/filters/CFilterChain.php(130): CInlineFilter->filter(Object(CFilterChain))
#6 /home1-3/h/henokeh/public_html/yii/framework/web/CController.php(291): CFilterChain->run()
#7 /home1-3/h/henokeh/public_html/yii/framework/web/CController.php(265): CController->runActionWithFilters(Object(CInlineAction), Array)
#8 /home1-3/h/henokeh/public_html/yii/framework/web/CWebApplication.php(282): CController->run('loadtask')
#9 /home1-3/h/henokeh/public_html/yii/framework/web/CWebApplication.php(141): CWebApplication->runController('timespan/loadta...')
#10 /home1-3/h/henokeh/public_html/yii/framework/base/CApplication.php(180): CWebApplication->processRequest()
#11 /home1-3/h/henokeh/public_html/tracker/index.php(13): CApplication->run()
#12 {main}
REQUEST_URI=/~henokeh/tracker/index.php?r=timespan/loadtask
HTTP_REFERER=http://users.metropolia.fi/~henokeh/tracker/
---
2014/01/23 18:48:23 [error] [exception.CHttpException.403] exception 'CHttpException' with message 'Login Required' in /home1-3/h/henokeh/public_html/yii/framework/web/auth/CWebUser.php:394
Stack trace:
#0 /home1-3/h/henokeh/public_html/yii/framework/web/auth/CAccessControlFilter.php(180): CWebUser->loginRequired()
#1 /home1-3/h/henokeh/public_html/yii/framework/web/auth/CAccessControlFilter.php(145): CAccessControlFilter->accessDenied(Object(CWebUser), 'You are not aut...')
#2 /home1-3/h/henokeh/public_html/yii/framework/web/filters/CFilter.php(38): CAccessControlFilter->preFilter(Object(CFilterChain))
#3 /home1-3/h/henokeh/public_html/yii/framework/web/CController.php(1145): CFilter->filter(Object(CFilterChain))
#4 /home1-3/h/henokeh/public_html/yii/framework/web/filters/CInlineFilter.php(58): CController->filterAccessControl(Object(CFilterChain))
#5 /home1-3/h/henokeh/public_html/yii/framework/web/filters/CFilterChain.php(130): CInlineFilter->filter(Object(CFilterChain))
#6 /home1-3/h/henokeh/public_html/yii/framework/web/CController.php(291): CFilterChain->run()
#7 /home1-3/h/henokeh/public_html/yii/framework/web/CController.php(265): CController->runActionWithFilters(Object(CInlineAction), Array)
#8 /home1-3/h/henokeh/public_html/yii/framework/web/CWebApplication.php(282): CController->run('loadtask')
#9 /home1-3/h/henokeh/public_html/yii/framework/web/CWebApplication.php(141): CWebApplication->runController('timespan/loadta...')
#10 /home1-3/h/henokeh/public_html/yii/framework/base/CApplication.php(180): CWebApplication->processRequest()
#11 /home1-3/h/henokeh/public_html/tracker/index.php(13): CApplication->run()
#12 {main}
REQUEST_URI=/~henokeh/tracker/index.php?r=timespan/loadtask
HTTP_REFERER=http://users.metropolia.fi/~henokeh/tracker/
---
2014/01/23 18:48:29 [error] [exception.CHttpException.403] exception 'CHttpException' with message 'Login Required' in /home1-3/h/henokeh/public_html/yii/framework/web/auth/CWebUser.php:394
Stack trace:
#0 /home1-3/h/henokeh/public_html/yii/framework/web/auth/CAccessControlFilter.php(180): CWebUser->loginRequired()
#1 /home1-3/h/henokeh/public_html/yii/framework/web/auth/CAccessControlFilter.php(145): CAccessControlFilter->accessDenied(Object(CWebUser), 'You are not aut...')
#2 /home1-3/h/henokeh/public_html/yii/framework/web/filters/CFilter.php(38): CAccessControlFilter->preFilter(Object(CFilterChain))
#3 /home1-3/h/henokeh/public_html/yii/framework/web/CController.php(1145): CFilter->filter(Object(CFilterChain))
#4 /home1-3/h/henokeh/public_html/yii/framework/web/filters/CInlineFilter.php(58): CController->filterAccessControl(Object(CFilterChain))
#5 /home1-3/h/henokeh/public_html/yii/framework/web/filters/CFilterChain.php(130): CInlineFilter->filter(Object(CFilterChain))
#6 /home1-3/h/henokeh/public_html/yii/framework/web/CController.php(291): CFilterChain->run()
#7 /home1-3/h/henokeh/public_html/yii/framework/web/CController.php(265): CController->runActionWithFilters(Object(CInlineAction), Array)
#8 /home1-3/h/henokeh/public_html/yii/framework/web/CWebApplication.php(282): CController->run('loadtask')
#9 /home1-3/h/henokeh/public_html/yii/framework/web/CWebApplication.php(141): CWebApplication->runController('timespan/loadta...')
#10 /home1-3/h/henokeh/public_html/yii/framework/base/CApplication.php(180): CWebApplication->processRequest()
#11 /home1-3/h/henokeh/public_html/tracker/index.php(13): CApplication->run()
#12 {main}
REQUEST_URI=/~henokeh/tracker/index.php?r=timespan/loadtask
HTTP_REFERER=http://users.metropolia.fi/~henokeh/tracker/
---
2014/01/23 18:48:35 [error] [exception.CHttpException.403] exception 'CHttpException' with message 'Login Required' in /home1-3/h/henokeh/public_html/yii/framework/web/auth/CWebUser.php:394
Stack trace:
#0 /home1-3/h/henokeh/public_html/yii/framework/web/auth/CAccessControlFilter.php(180): CWebUser->loginRequired()
#1 /home1-3/h/henokeh/public_html/yii/framework/web/auth/CAccessControlFilter.php(145): CAccessControlFilter->accessDenied(Object(CWebUser), 'You are not aut...')
#2 /home1-3/h/henokeh/public_html/yii/framework/web/filters/CFilter.php(38): CAccessControlFilter->preFilter(Object(CFilterChain))
#3 /home1-3/h/henokeh/public_html/yii/framework/web/CController.php(1145): CFilter->filter(Object(CFilterChain))
#4 /home1-3/h/henokeh/public_html/yii/framework/web/filters/CInlineFilter.php(58): CController->filterAccessControl(Object(CFilterChain))
#5 /home1-3/h/henokeh/public_html/yii/framework/web/filters/CFilterChain.php(130): CInlineFilter->filter(Object(CFilterChain))
#6 /home1-3/h/henokeh/public_html/yii/framework/web/CController.php(291): CFilterChain->run()
#7 /home1-3/h/henokeh/public_html/yii/framework/web/CController.php(265): CController->runActionWithFilters(Object(CInlineAction), Array)
#8 /home1-3/h/henokeh/public_html/yii/framework/web/CWebApplication.php(282): CController->run('loadtask')
#9 /home1-3/h/henokeh/public_html/yii/framework/web/CWebApplication.php(141): CWebApplication->runController('timespan/loadta...')
#10 /home1-3/h/henokeh/public_html/yii/framework/base/CApplication.php(180): CWebApplication->processRequest()
#11 /home1-3/h/henokeh/public_html/tracker/index.php(13): CApplication->run()
#12 {main}
REQUEST_URI=/~henokeh/tracker/index.php?r=timespan/loadtask
HTTP_REFERER=http://users.metropolia.fi/~henokeh/tracker/
---
2014/01/23 18:48:41 [error] [exception.CHttpException.403] exception 'CHttpException' with message 'Login Required' in /home1-3/h/henokeh/public_html/yii/framework/web/auth/CWebUser.php:394
Stack trace:
#0 /home1-3/h/henokeh/public_html/yii/framework/web/auth/CAccessControlFilter.php(180): CWebUser->loginRequired()
#1 /home1-3/h/henokeh/public_html/yii/framework/web/auth/CAccessControlFilter.php(145): CAccessControlFilter->accessDenied(Object(CWebUser), 'You are not aut...')
#2 /home1-3/h/henokeh/public_html/yii/framework/web/filters/CFilter.php(38): CAccessControlFilter->preFilter(Object(CFilterChain))
#3 /home1-3/h/henokeh/public_html/yii/framework/web/CController.php(1145): CFilter->filter(Object(CFilterChain))
#4 /home1-3/h/henokeh/public_html/yii/framework/web/filters/CInlineFilter.php(58): CController->filterAccessControl(Object(CFilterChain))
#5 /home1-3/h/henokeh/public_html/yii/framework/web/filters/CFilterChain.php(130): CInlineFilter->filter(Object(CFilterChain))
#6 /home1-3/h/henokeh/public_html/yii/framework/web/CController.php(291): CFilterChain->run()
#7 /home1-3/h/henokeh/public_html/yii/framework/web/CController.php(265): CController->runActionWithFilters(Object(CInlineAction), Array)
#8 /home1-3/h/henokeh/public_html/yii/framework/web/CWebApplication.php(282): CController->run('loadtask')
#9 /home1-3/h/henokeh/public_html/yii/framework/web/CWebApplication.php(141): CWebApplication->runController('timespan/loadta...')
#10 /home1-3/h/henokeh/public_html/yii/framework/base/CApplication.php(180): CWebApplication->processRequest()
#11 /home1-3/h/henokeh/public_html/tracker/index.php(13): CApplication->run()
#12 {main}
REQUEST_URI=/~henokeh/tracker/index.php?r=timespan/loadtask
HTTP_REFERER=http://users.metropolia.fi/~henokeh/tracker/
---
2014/01/23 18:48:47 [error] [exception.CHttpException.403] exception 'CHttpException' with message 'Login Required' in /home1-3/h/henokeh/public_html/yii/framework/web/auth/CWebUser.php:394
Stack trace:
#0 /home1-3/h/henokeh/public_html/yii/framework/web/auth/CAccessControlFilter.php(180): CWebUser->loginRequired()
#1 /home1-3/h/henokeh/public_html/yii/framework/web/auth/CAccessControlFilter.php(145): CAccessControlFilter->accessDenied(Object(CWebUser), 'You are not aut...')
#2 /home1-3/h/henokeh/public_html/yii/framework/web/filters/CFilter.php(38): CAccessControlFilter->preFilter(Object(CFilterChain))
#3 /home1-3/h/henokeh/public_html/yii/framework/web/CController.php(1145): CFilter->filter(Object(CFilterChain))
#4 /home1-3/h/henokeh/public_html/yii/framework/web/filters/CInlineFilter.php(58): CController->filterAccessControl(Object(CFilterChain))
#5 /home1-3/h/henokeh/public_html/yii/framework/web/filters/CFilterChain.php(130): CInlineFilter->filter(Object(CFilterChain))
#6 /home1-3/h/henokeh/public_html/yii/framework/web/CController.php(291): CFilterChain->run()
#7 /home1-3/h/henokeh/public_html/yii/framework/web/CController.php(265): CController->runActionWithFilters(Object(CInlineAction), Array)
#8 /home1-3/h/henokeh/public_html/yii/framework/web/CWebApplication.php(282): CController->run('loadtask')
#9 /home1-3/h/henokeh/public_html/yii/framework/web/CWebApplication.php(141): CWebApplication->runController('timespan/loadta...')
#10 /home1-3/h/henokeh/public_html/yii/framework/base/CApplication.php(180): CWebApplication->processRequest()
#11 /home1-3/h/henokeh/public_html/tracker/index.php(13): CApplication->run()
#12 {main}
REQUEST_URI=/~henokeh/tracker/index.php?r=timespan/loadtask
HTTP_REFERER=http://users.metropolia.fi/~henokeh/tracker/
---
2014/01/23 18:48:53 [error] [exception.CHttpException.403] exception 'CHttpException' with message 'Login Required' in /home1-3/h/henokeh/public_html/yii/framework/web/auth/CWebUser.php:394
Stack trace:
#0 /home1-3/h/henokeh/public_html/yii/framework/web/auth/CAccessControlFilter.php(180): CWebUser->loginRequired()
#1 /home1-3/h/henokeh/public_html/yii/framework/web/auth/CAccessControlFilter.php(145): CAccessControlFilter->accessDenied(Object(CWebUser), 'You are not aut...')
#2 /home1-3/h/henokeh/public_html/yii/framework/web/filters/CFilter.php(38): CAccessControlFilter->preFilter(Object(CFilterChain))
#3 /home1-3/h/henokeh/public_html/yii/framework/web/CController.php(1145): CFilter->filter(Object(CFilterChain))
#4 /home1-3/h/henokeh/public_html/yii/framework/web/filters/CInlineFilter.php(58): CController->filterAccessControl(Object(CFilterChain))
#5 /home1-3/h/henokeh/public_html/yii/framework/web/filters/CFilterChain.php(130): CInlineFilter->filter(Object(CFilterChain))
#6 /home1-3/h/henokeh/public_html/yii/framework/web/CController.php(291): CFilterChain->run()
#7 /home1-3/h/henokeh/public_html/yii/framework/web/CController.php(265): CController->runActionWithFilters(Object(CInlineAction), Array)
#8 /home1-3/h/henokeh/public_html/yii/framework/web/CWebApplication.php(282): CController->run('loadtask')
#9 /home1-3/h/henokeh/public_html/yii/framework/web/CWebApplication.php(141): CWebApplication->runController('timespan/loadta...')
#10 /home1-3/h/henokeh/public_html/yii/framework/base/CApplication.php(180): CWebApplication->processRequest()
#11 /home1-3/h/henokeh/public_html/tracker/index.php(13): CApplication->run()
#12 {main}
REQUEST_URI=/~henokeh/tracker/index.php?r=timespan/loadtask
HTTP_REFERER=http://users.metropolia.fi/~henokeh/tracker/
---
2014/01/23 18:55:52 [error] [exception.CHttpException.403] exception 'CHttpException' with message 'Login Required' in /home1-3/h/henokeh/public_html/yii/framework/web/auth/CWebUser.php:394
Stack trace:
#0 /home1-3/h/henokeh/public_html/yii/framework/web/auth/CAccessControlFilter.php(180): CWebUser->loginRequired()
#1 /home1-3/h/henokeh/public_html/yii/framework/web/auth/CAccessControlFilter.php(145): CAccessControlFilter->accessDenied(Object(CWebUser), 'You are not aut...')
#2 /home1-3/h/henokeh/public_html/yii/framework/web/filters/CFilter.php(38): CAccessControlFilter->preFilter(Object(CFilterChain))
#3 /home1-3/h/henokeh/public_html/yii/framework/web/CController.php(1145): CFilter->filter(Object(CFilterChain))
#4 /home1-3/h/henokeh/public_html/yii/framework/web/filters/CInlineFilter.php(58): CController->filterAccessControl(Object(CFilterChain))
#5 /home1-3/h/henokeh/public_html/yii/framework/web/filters/CFilterChain.php(130): CInlineFilter->filter(Object(CFilterChain))
#6 /home1-3/h/henokeh/public_html/yii/framework/web/CController.php(291): CFilterChain->run()
#7 /home1-3/h/henokeh/public_html/yii/framework/web/CController.php(265): CController->runActionWithFilters(Object(CInlineAction), Array)
#8 /home1-3/h/henokeh/public_html/yii/framework/web/CWebApplication.php(282): CController->run('loadtask')
#9 /home1-3/h/henokeh/public_html/yii/framework/web/CWebApplication.php(141): CWebApplication->runController('timespan/loadta...')
#10 /home1-3/h/henokeh/public_html/yii/framework/base/CApplication.php(180): CWebApplication->processRequest()
#11 /home1-3/h/henokeh/public_html/tracker/index.php(13): CApplication->run()
#12 {main}
REQUEST_URI=/~henokeh/tracker/index.php?r=timespan/loadtask
HTTP_REFERER=http://users.metropolia.fi/~henokeh/tracker/index.php
---
2014/01/23 18:55:58 [error] [exception.CHttpException.403] exception 'CHttpException' with message 'Login Required' in /home1-3/h/henokeh/public_html/yii/framework/web/auth/CWebUser.php:394
Stack trace:
#0 /home1-3/h/henokeh/public_html/yii/framework/web/auth/CAccessControlFilter.php(180): CWebUser->loginRequired()
#1 /home1-3/h/henokeh/public_html/yii/framework/web/auth/CAccessControlFilter.php(145): CAccessControlFilter->accessDenied(Object(CWebUser), 'You are not aut...')
#2 /home1-3/h/henokeh/public_html/yii/framework/web/filters/CFilter.php(38): CAccessControlFilter->preFilter(Object(CFilterChain))
#3 /home1-3/h/henokeh/public_html/yii/framework/web/CController.php(1145): CFilter->filter(Object(CFilterChain))
#4 /home1-3/h/henokeh/public_html/yii/framework/web/filters/CInlineFilter.php(58): CController->filterAccessControl(Object(CFilterChain))
#5 /home1-3/h/henokeh/public_html/yii/framework/web/filters/CFilterChain.php(130): CInlineFilter->filter(Object(CFilterChain))
#6 /home1-3/h/henokeh/public_html/yii/framework/web/CController.php(291): CFilterChain->run()
#7 /home1-3/h/henokeh/public_html/yii/framework/web/CController.php(265): CController->runActionWithFilters(Object(CInlineAction), Array)
#8 /home1-3/h/henokeh/public_html/yii/framework/web/CWebApplication.php(282): CController->run('loadtask')
#9 /home1-3/h/henokeh/public_html/yii/framework/web/CWebApplication.php(141): CWebApplication->runController('timespan/loadta...')
#10 /home1-3/h/henokeh/public_html/yii/framework/base/CApplication.php(180): CWebApplication->processRequest()
#11 /home1-3/h/henokeh/public_html/tracker/index.php(13): CApplication->run()
#12 {main}
REQUEST_URI=/~henokeh/tracker/index.php?r=timespan/loadtask
HTTP_REFERER=http://users.metropolia.fi/~henokeh/tracker/index.php
---
2014/01/28 16:18:32 [error] [php] Invalid argument supplied for foreach() (/home1-3/h/henokeh/public_html/tracker/protected/controllers/TimespanController.php:173)
Stack trace:
#0 /home1-3/h/henokeh/public_html/yii/framework/web/filters/CFilterChain.php(133): TimespanController->runAction()
#1 /home1-3/h/henokeh/public_html/yii/framework/web/filters/CFilter.php(40): CFilterChain->run()
#2 /home1-3/h/henokeh/public_html/yii/framework/web/CController.php(1145): CAccessControlFilter->filter()
#3 /home1-3/h/henokeh/public_html/yii/framework/web/filters/CInlineFilter.php(58): TimespanController->filterAccessControl()
#4 /home1-3/h/henokeh/public_html/yii/framework/web/filters/CFilterChain.php(130): CInlineFilter->filter()
#5 /home1-3/h/henokeh/public_html/yii/framework/web/CController.php(291): CFilterChain->run()
#6 /home1-3/h/henokeh/public_html/yii/framework/web/CController.php(265): TimespanController->runActionWithFilters()
#7 /home1-3/h/henokeh/public_html/yii/framework/web/CWebApplication.php(282): TimespanController->run()
#8 /home1-3/h/henokeh/public_html/yii/framework/web/CWebApplication.php(141): CWebApplication->runController()
#9 /home1-3/h/henokeh/public_html/yii/framework/base/CApplication.php(180): CWebApplication->processRequest()
#10 /home1-3/h/henokeh/public_html/tracker/index.php(13): CWebApplication->run()
REQUEST_URI=/~henokeh/tracker/index.php?r=timespan/loadtask
in /home1-3/h/henokeh/public_html/tracker/protected/controllers/TimespanController.php (173)
in /home1-3/h/henokeh/public_html/tracker/index.php (13)
2014/01/28 16:18:38 [error] [php] Invalid argument supplied for foreach() (/home1-3/h/henokeh/public_html/tracker/protected/controllers/TimespanController.php:173)
Stack trace:
#0 /home1-3/h/henokeh/public_html/yii/framework/web/filters/CFilterChain.php(133): TimespanController->runAction()
#1 /home1-3/h/henokeh/public_html/yii/framework/web/filters/CFilter.php(40): CFilterChain->run()
#2 /home1-3/h/henokeh/public_html/yii/framework/web/CController.php(1145): CAccessControlFilter->filter()
#3 /home1-3/h/henokeh/public_html/yii/framework/web/filters/CInlineFilter.php(58): TimespanController->filterAccessControl()
#4 /home1-3/h/henokeh/public_html/yii/framework/web/filters/CFilterChain.php(130): CInlineFilter->filter()
#5 /home1-3/h/henokeh/public_html/yii/framework/web/CController.php(291): CFilterChain->run()
#6 /home1-3/h/henokeh/public_html/yii/framework/web/CController.php(265): TimespanController->runActionWithFilters()
#7 /home1-3/h/henokeh/public_html/yii/framework/web/CWebApplication.php(282): TimespanController->run()
#8 /home1-3/h/henokeh/public_html/yii/framework/web/CWebApplication.php(141): CWebApplication->runController()
#9 /home1-3/h/henokeh/public_html/yii/framework/base/CApplication.php(180): CWebApplication->processRequest()
#10 /home1-3/h/henokeh/public_html/tracker/index.php(13): CWebApplication->run()
REQUEST_URI=/~henokeh/tracker/index.php?r=timespan/loadtask
in /home1-3/h/henokeh/public_html/tracker/protected/controllers/TimespanController.php (173)
in /home1-3/h/henokeh/public_html/tracker/index.php (13)
2014/01/28 16:18:44 [error] [php] Invalid argument supplied for foreach() (/home1-3/h/henokeh/public_html/tracker/protected/controllers/TimespanController.php:173)
Stack trace:
#0 /home1-3/h/henokeh/public_html/yii/framework/web/filters/CFilterChain.php(133): TimespanController->runAction()
#1 /home1-3/h/henokeh/public_html/yii/framework/web/filters/CFilter.php(40): CFilterChain->run()
#2 /home1-3/h/henokeh/public_html/yii/framework/web/CController.php(1145): CAccessControlFilter->filter()
#3 /home1-3/h/henokeh/public_html/yii/framework/web/filters/CInlineFilter.php(58): TimespanController->filterAccessControl()
#4 /home1-3/h/henokeh/public_html/yii/framework/web/filters/CFilterChain.php(130): CInlineFilter->filter()
#5 /home1-3/h/henokeh/public_html/yii/framework/web/CController.php(291): CFilterChain->run()
#6 /home1-3/h/henokeh/public_html/yii/framework/web/CController.php(265): TimespanController->runActionWithFilters()
#7 /home1-3/h/henokeh/public_html/yii/framework/web/CWebApplication.php(282): TimespanController->run()
#8 /home1-3/h/henokeh/public_html/yii/framework/web/CWebApplication.php(141): CWebApplication->runController()
#9 /home1-3/h/henokeh/public_html/yii/framework/base/CApplication.php(180): CWebApplication->processRequest()
#10 /home1-3/h/henokeh/public_html/tracker/index.php(13): CWebApplication->run()
REQUEST_URI=/~henokeh/tracker/index.php?r=timespan/loadtask
in /home1-3/h/henokeh/public_html/tracker/protected/controllers/TimespanController.php (173)
in /home1-3/h/henokeh/public_html/tracker/index.php (13)
2014/01/28 16:18:50 [error] [php] Invalid argument supplied for foreach() (/home1-3/h/henokeh/public_html/tracker/protected/controllers/TimespanController.php:173)
Stack trace:
#0 /home1-3/h/henokeh/public_html/yii/framework/web/filters/CFilterChain.php(133): TimespanController->runAction()
#1 /home1-3/h/henokeh/public_html/yii/framework/web/filters/CFilter.php(40): CFilterChain->run()
#2 /home1-3/h/henokeh/public_html/yii/framework/web/CController.php(1145): CAccessControlFilter->filter()
#3 /home1-3/h/henokeh/public_html/yii/framework/web/filters/CInlineFilter.php(58): TimespanController->filterAccessControl()
#4 /home1-3/h/henokeh/public_html/yii/framework/web/filters/CFilterChain.php(130): CInlineFilter->filter()
#5 /home1-3/h/henokeh/public_html/yii/framework/web/CController.php(291): CFilterChain->run()
#6 /home1-3/h/henokeh/public_html/yii/framework/web/CController.php(265): TimespanController->runActionWithFilters()
#7 /home1-3/h/henokeh/public_html/yii/framework/web/CWebApplication.php(282): TimespanController->run()
#8 /home1-3/h/henokeh/public_html/yii/framework/web/CWebApplication.php(141): CWebApplication->runController()
#9 /home1-3/h/henokeh/public_html/yii/framework/base/CApplication.php(180): CWebApplication->processRequest()
#10 /home1-3/h/henokeh/public_html/tracker/index.php(13): CWebApplication->run()
REQUEST_URI=/~henokeh/tracker/index.php?r=timespan/loadtask
in /home1-3/h/henokeh/public_html/tracker/protected/controllers/TimespanController.php (173)
in /home1-3/h/henokeh/public_html/tracker/index.php (13)
2014/01/28 16:19:45 [error] [php] Invalid argument supplied for foreach() (/home1-3/h/henokeh/public_html/tracker/protected/controllers/TimespanController.php:173)
Stack trace:
#0 /home1-3/h/henokeh/public_html/yii/framework/web/filters/CFilterChain.php(133): TimespanController->runAction()
#1 /home1-3/h/henokeh/public_html/yii/framework/web/filters/CFilter.php(40): CFilterChain->run()
#2 /home1-3/h/henokeh/public_html/yii/framework/web/CController.php(1145): CAccessControlFilter->filter()
#3 /home1-3/h/henokeh/public_html/yii/framework/web/filters/CInlineFilter.php(58): TimespanController->filterAccessControl()
#4 /home1-3/h/henokeh/public_html/yii/framework/web/filters/CFilterChain.php(130): CInlineFilter->filter()
#5 /home1-3/h/henokeh/public_html/yii/framework/web/CController.php(291): CFilterChain->run()
#6 /home1-3/h/henokeh/public_html/yii/framework/web/CController.php(265): TimespanController->runActionWithFilters()
#7 /home1-3/h/henokeh/public_html/yii/framework/web/CWebApplication.php(282): TimespanController->run()
#8 /home1-3/h/henokeh/public_html/yii/framework/web/CWebApplication.php(141): CWebApplication->runController()
#9 /home1-3/h/henokeh/public_html/yii/framework/base/CApplication.php(180): CWebApplication->processRequest()
#10 /home1-3/h/henokeh/public_html/tracker/index.php(13): CWebApplication->run()
REQUEST_URI=/~henokeh/tracker/index.php?r=timespan/loadtask
in /home1-3/h/henokeh/public_html/tracker/protected/controllers/TimespanController.php (173)
in /home1-3/h/henokeh/public_html/tracker/index.php (13)
2014/01/28 16:19:51 [error] [php] Invalid argument supplied for foreach() (/home1-3/h/henokeh/public_html/tracker/protected/controllers/TimespanController.php:173)
Stack trace:
#0 /home1-3/h/henokeh/public_html/yii/framework/web/filters/CFilterChain.php(133): TimespanController->runAction()
#1 /home1-3/h/henokeh/public_html/yii/framework/web/filters/CFilter.php(40): CFilterChain->run()
#2 /home1-3/h/henokeh/public_html/yii/framework/web/CController.php(1145): CAccessControlFilter->filter()
#3 /home1-3/h/henokeh/public_html/yii/framework/web/filters/CInlineFilter.php(58): TimespanController->filterAccessControl()
#4 /home1-3/h/henokeh/public_html/yii/framework/web/filters/CFilterChain.php(130): CInlineFilter->filter()
#5 /home1-3/h/henokeh/public_html/yii/framework/web/CController.php(291): CFilterChain->run()
#6 /home1-3/h/henokeh/public_html/yii/framework/web/CController.php(265): TimespanController->runActionWithFilters()
#7 /home1-3/h/henokeh/public_html/yii/framework/web/CWebApplication.php(282): TimespanController->run()
#8 /home1-3/h/henokeh/public_html/yii/framework/web/CWebApplication.php(141): CWebApplication->runController()
#9 /home1-3/h/henokeh/public_html/yii/framework/base/CApplication.php(180): CWebApplication->processRequest()
#10 /home1-3/h/henokeh/public_html/tracker/index.php(13): CWebApplication->run()
REQUEST_URI=/~henokeh/tracker/index.php?r=timespan/loadtask
in /home1-3/h/henokeh/public_html/tracker/protected/controllers/TimespanController.php (173)
in /home1-3/h/henokeh/public_html/tracker/index.php (13)
2014/01/28 16:19:57 [error] [php] Invalid argument supplied for foreach() (/home1-3/h/henokeh/public_html/tracker/protected/controllers/TimespanController.php:173)
Stack trace:
#0 /home1-3/h/henokeh/public_html/yii/framework/web/filters/CFilterChain.php(133): TimespanController->runAction()
#1 /home1-3/h/henokeh/public_html/yii/framework/web/filters/CFilter.php(40): CFilterChain->run()
#2 /home1-3/h/henokeh/public_html/yii/framework/web/CController.php(1145): CAccessControlFilter->filter()
#3 /home1-3/h/henokeh/public_html/yii/framework/web/filters/CInlineFilter.php(58): TimespanController->filterAccessControl()
#4 /home1-3/h/henokeh/public_html/yii/framework/web/filters/CFilterChain.php(130): CInlineFilter->filter()
#5 /home1-3/h/henokeh/public_html/yii/framework/web/CController.php(291): CFilterChain->run()
#6 /home1-3/h/henokeh/public_html/yii/framework/web/CController.php(265): TimespanController->runActionWithFilters()
#7 /home1-3/h/henokeh/public_html/yii/framework/web/CWebApplication.php(282): TimespanController->run()
#8 /home1-3/h/henokeh/public_html/yii/framework/web/CWebApplication.php(141): CWebApplication->runController()
#9 /home1-3/h/henokeh/public_html/yii/framework/base/CApplication.php(180): CWebApplication->processRequest()
#10 /home1-3/h/henokeh/public_html/tracker/index.php(13): CWebApplication->run()
REQUEST_URI=/~henokeh/tracker/index.php?r=timespan/loadtask
in /home1-3/h/henokeh/public_html/tracker/protected/controllers/TimespanController.php (173)
in /home1-3/h/henokeh/public_html/tracker/index.php (13)
2014/01/28 16:21:10 [error] [php] Invalid argument supplied for foreach() (/home1-3/h/henokeh/public_html/tracker/protected/controllers/TimespanController.php:173)
Stack trace:
#0 /home1-3/h/henokeh/public_html/yii/framework/web/filters/CFilterChain.php(133): TimespanController->runAction()
#1 /home1-3/h/henokeh/public_html/yii/framework/web/filters/CFilter.php(40): CFilterChain->run()
#2 /home1-3/h/henokeh/public_html/yii/framework/web/CController.php(1145): CAccessControlFilter->filter()
#3 /home1-3/h/henokeh/public_html/yii/framework/web/filters/CInlineFilter.php(58): TimespanController->filterAccessControl()
#4 /home1-3/h/henokeh/public_html/yii/framework/web/filters/CFilterChain.php(130): CInlineFilter->filter()
#5 /home1-3/h/henokeh/public_html/yii/framework/web/CController.php(291): CFilterChain->run()
#6 /home1-3/h/henokeh/public_html/yii/framework/web/CController.php(265): TimespanController->runActionWithFilters()
#7 /home1-3/h/henokeh/public_html/yii/framework/web/CWebApplication.php(282): TimespanController->run()
#8 /home1-3/h/henokeh/public_html/yii/framework/web/CWebApplication.php(141): CWebApplication->runController()
#9 /home1-3/h/henokeh/public_html/yii/framework/base/CApplication.php(180): CWebApplication->processRequest()
#10 /home1-3/h/henokeh/public_html/tracker/index.php(13): CWebApplication->run()
REQUEST_URI=/~henokeh/tracker/index.php?r=timespan/loadtask
in /home1-3/h/henokeh/public_html/tracker/protected/controllers/TimespanController.php (173)
in /home1-3/h/henokeh/public_html/tracker/index.php (13)
2014/01/28 16:21:16 [error] [php] Invalid argument supplied for foreach() (/home1-3/h/henokeh/public_html/tracker/protected/controllers/TimespanController.php:173)
Stack trace:
#0 /home1-3/h/henokeh/public_html/yii/framework/web/filters/CFilterChain.php(133): TimespanController->runAction()
#1 /home1-3/h/henokeh/public_html/yii/framework/web/filters/CFilter.php(40): CFilterChain->run()
#2 /home1-3/h/henokeh/public_html/yii/framework/web/CController.php(1145): CAccessControlFilter->filter()
#3 /home1-3/h/henokeh/public_html/yii/framework/web/filters/CInlineFilter.php(58): TimespanController->filterAccessControl()
#4 /home1-3/h/henokeh/public_html/yii/framework/web/filters/CFilterChain.php(130): CInlineFilter->filter()
#5 /home1-3/h/henokeh/public_html/yii/framework/web/CController.php(291): CFilterChain->run()
#6 /home1-3/h/henokeh/public_html/yii/framework/web/CController.php(265): TimespanController->runActionWithFilters()
#7 /home1-3/h/henokeh/public_html/yii/framework/web/CWebApplication.php(282): TimespanController->run()
#8 /home1-3/h/henokeh/public_html/yii/framework/web/CWebApplication.php(141): CWebApplication->runController()
#9 /home1-3/h/henokeh/public_html/yii/framework/base/CApplication.php(180): CWebApplication->processRequest()
#10 /home1-3/h/henokeh/public_html/tracker/index.php(13): CWebApplication->run()
REQUEST_URI=/~henokeh/tracker/index.php?r=timespan/loadtask
in /home1-3/h/henokeh/public_html/tracker/protected/controllers/TimespanController.php (173)
in /home1-3/h/henokeh/public_html/tracker/index.php (13)
2014/01/28 16:21:22 [error] [php] Invalid argument supplied for foreach() (/home1-3/h/henokeh/public_html/tracker/protected/controllers/TimespanController.php:173)
Stack trace:
#0 /home1-3/h/henokeh/public_html/yii/framework/web/filters/CFilterChain.php(133): TimespanController->runAction()
#1 /home1-3/h/henokeh/public_html/yii/framework/web/filters/CFilter.php(40): CFilterChain->run()
#2 /home1-3/h/henokeh/public_html/yii/framework/web/CController.php(1145): CAccessControlFilter->filter()
#3 /home1-3/h/henokeh/public_html/yii/framework/web/filters/CInlineFilter.php(58): TimespanController->filterAccessControl()
#4 /home1-3/h/henokeh/public_html/yii/framework/web/filters/CFilterChain.php(130): CInlineFilter->filter()
#5 /home1-3/h/henokeh/public_html/yii/framework/web/CController.php(291): CFilterChain->run()
#6 /home1-3/h/henokeh/public_html/yii/framework/web/CController.php(265): TimespanController->runActionWithFilters()
#7 /home1-3/h/henokeh/public_html/yii/framework/web/CWebApplication.php(282): TimespanController->run()
#8 /home1-3/h/henokeh/public_html/yii/framework/web/CWebApplication.php(141): CWebApplication->runController()
#9 /home1-3/h/henokeh/public_html/yii/framework/base/CApplication.php(180): CWebApplication->processRequest()
#10 /home1-3/h/henokeh/public_html/tracker/index.php(13): CWebApplication->run()
REQUEST_URI=/~henokeh/tracker/index.php?r=timespan/loadtask
in /home1-3/h/henokeh/public_html/tracker/protected/controllers/TimespanController.php (173)
in /home1-3/h/henokeh/public_html/tracker/index.php (13)
2014/01/28 16:21:28 [error] [php] Invalid argument supplied for foreach() (/home1-3/h/henokeh/public_html/tracker/protected/controllers/TimespanController.php:173)
Stack trace:
#0 /home1-3/h/henokeh/public_html/yii/framework/web/filters/CFilterChain.php(133): TimespanController->runAction()
#1 /home1-3/h/henokeh/public_html/yii/framework/web/filters/CFilter.php(40): CFilterChain->run()
#2 /home1-3/h/henokeh/public_html/yii/framework/web/CController.php(1145): CAccessControlFilter->filter()
#3 /home1-3/h/henokeh/public_html/yii/framework/web/filters/CInlineFilter.php(58): TimespanController->filterAccessControl()
#4 /home1-3/h/henokeh/public_html/yii/framework/web/filters/CFilterChain.php(130): CInlineFilter->filter()
#5 /home1-3/h/henokeh/public_html/yii/framework/web/CController.php(291): CFilterChain->run()
#6 /home1-3/h/henokeh/public_html/yii/framework/web/CController.php(265): TimespanController->runActionWithFilters()
#7 /home1-3/h/henokeh/public_html/yii/framework/web/CWebApplication.php(282): TimespanController->run()
#8 /home1-3/h/henokeh/public_html/yii/framework/web/CWebApplication.php(141): CWebApplication->runController()
#9 /home1-3/h/henokeh/public_html/yii/framework/base/CApplication.php(180): CWebApplication->processRequest()
#10 /home1-3/h/henokeh/public_html/tracker/index.php(13): CWebApplication->run()
REQUEST_URI=/~henokeh/tracker/index.php?r=timespan/loadtask
in /home1-3/h/henokeh/public_html/tracker/protected/controllers/TimespanController.php (173)
in /home1-3/h/henokeh/public_html/tracker/index.php (13)
2014/01/30 16:13:58 [error] [exception.CHttpException.403] exception 'CHttpException' with message 'Login Required' in /home1-3/h/henokeh/public_html/yii/framework/web/auth/CWebUser.php:394
Stack trace:
#0 /home1-3/h/henokeh/public_html/yii/framework/web/auth/CAccessControlFilter.php(180): CWebUser->loginRequired()
#1 /home1-3/h/henokeh/public_html/yii/framework/web/auth/CAccessControlFilter.php(145): CAccessControlFilter->accessDenied(Object(CWebUser), 'You are not aut...')
#2 /home1-3/h/henokeh/public_html/yii/framework/web/filters/CFilter.php(38): CAccessControlFilter->preFilter(Object(CFilterChain))
#3 /home1-3/h/henokeh/public_html/yii/framework/web/CController.php(1145): CFilter->filter(Object(CFilterChain))
#4 /home1-3/h/henokeh/public_html/yii/framework/web/filters/CInlineFilter.php(58): CController->filterAccessControl(Object(CFilterChain))
#5 /home1-3/h/henokeh/public_html/yii/framework/web/filters/CFilterChain.php(130): CInlineFilter->filter(Object(CFilterChain))
#6 /home1-3/h/henokeh/public_html/yii/framework/web/CController.php(291): CFilterChain->run()
#7 /home1-3/h/henokeh/public_html/yii/framework/web/CController.php(265): CController->runActionWithFilters(Object(CInlineAction), Array)
#8 /home1-3/h/henokeh/public_html/yii/framework/web/CWebApplication.php(282): CController->run('loadtask')
#9 /home1-3/h/henokeh/public_html/yii/framework/web/CWebApplication.php(141): CWebApplication->runController('timespan/loadta...')
#10 /home1-3/h/henokeh/public_html/yii/framework/base/CApplication.php(180): CWebApplication->processRequest()
#11 /home1-3/h/henokeh/public_html/tracker/index.php(13): CApplication->run()
#12 {main}
REQUEST_URI=/~henokeh/tracker/index.php?r=timespan/loadtask
HTTP_REFERER=http://users.metropolia.fi/~henokeh/tracker/
---
2014/01/30 16:14:04 [error] [exception.CHttpException.403] exception 'CHttpException' with message 'Login Required' in /home1-3/h/henokeh/public_html/yii/framework/web/auth/CWebUser.php:394
Stack trace:
#0 /home1-3/h/henokeh/public_html/yii/framework/web/auth/CAccessControlFilter.php(180): CWebUser->loginRequired()
#1 /home1-3/h/henokeh/public_html/yii/framework/web/auth/CAccessControlFilter.php(145): CAccessControlFilter->accessDenied(Object(CWebUser), 'You are not aut...')
#2 /home1-3/h/henokeh/public_html/yii/framework/web/filters/CFilter.php(38): CAccessControlFilter->preFilter(Object(CFilterChain))
#3 /home1-3/h/henokeh/public_html/yii/framework/web/CController.php(1145): CFilter->filter(Object(CFilterChain))
#4 /home1-3/h/henokeh/public_html/yii/framework/web/filters/CInlineFilter.php(58): CController->filterAccessControl(Object(CFilterChain))
#5 /home1-3/h/henokeh/public_html/yii/framework/web/filters/CFilterChain.php(130): CInlineFilter->filter(Object(CFilterChain))
#6 /home1-3/h/henokeh/public_html/yii/framework/web/CController.php(291): CFilterChain->run()
#7 /home1-3/h/henokeh/public_html/yii/framework/web/CController.php(265): CController->runActionWithFilters(Object(CInlineAction), Array)
#8 /home1-3/h/henokeh/public_html/yii/framework/web/CWebApplication.php(282): CController->run('loadtask')
#9 /home1-3/h/henokeh/public_html/yii/framework/web/CWebApplication.php(141): CWebApplication->runController('timespan/loadta...')
#10 /home1-3/h/henokeh/public_html/yii/framework/base/CApplication.php(180): CWebApplication->processRequest()
#11 /home1-3/h/henokeh/public_html/tracker/index.php(13): CApplication->run()
#12 {main}
REQUEST_URI=/~henokeh/tracker/index.php?r=timespan/loadtask
HTTP_REFERER=http://users.metropolia.fi/~henokeh/tracker/
---
2014/02/05 17:58:39 [error] [exception.CHttpException.403] exception 'CHttpException' with message 'Login Required' in /home1-3/h/henokeh/public_html/yii/framework/web/auth/CWebUser.php:394
Stack trace:
#0 /home1-3/h/henokeh/public_html/yii/framework/web/auth/CAccessControlFilter.php(180): CWebUser->loginRequired()
#1 /home1-3/h/henokeh/public_html/yii/framework/web/auth/CAccessControlFilter.php(145): CAccessControlFilter->accessDenied(Object(CWebUser), 'You are not aut...')
#2 /home1-3/h/henokeh/public_html/yii/framework/web/filters/CFilter.php(38): CAccessControlFilter->preFilter(Object(CFilterChain))
#3 /home1-3/h/henokeh/public_html/yii/framework/web/CController.php(1145): CFilter->filter(Object(CFilterChain))
#4 /home1-3/h/henokeh/public_html/yii/framework/web/filters/CInlineFilter.php(58): CController->filterAccessControl(Object(CFilterChain))
#5 /home1-3/h/henokeh/public_html/yii/framework/web/filters/CFilterChain.php(130): CInlineFilter->filter(Object(CFilterChain))
#6 /home1-3/h/henokeh/public_html/yii/framework/web/CController.php(291): CFilterChain->run()
#7 /home1-3/h/henokeh/public_html/yii/framework/web/CController.php(265): CController->runActionWithFilters(Object(CInlineAction), Array)
#8 /home1-3/h/henokeh/public_html/yii/framework/web/CWebApplication.php(282): CController->run('loadtask')
#9 /home1-3/h/henokeh/public_html/yii/framework/web/CWebApplication.php(141): CWebApplication->runController('timespan/loadta...')
#10 /home1-3/h/henokeh/public_html/yii/framework/base/CApplication.php(180): CWebApplication->processRequest()
#11 /home1-3/h/henokeh/public_html/tracker/index.php(13): CApplication->run()
#12 {main}
REQUEST_URI=/~henokeh/tracker/index.php?r=timespan/loadtask
HTTP_REFERER=http://users.metropolia.fi/~henokeh/tracker/
---
